Функция get_shop_list_by_dishes, была запущена 2022-09-08 17:42:50.240272
с аргументами [(['Запеченный картофель', 'Фахитос', 'Омлет'], 2)]
и вернула результат {'Картофель': {'quantity': 2, 'measure': 'кг'}, 'Чеснок': {'quantity': 6, 'measure': 'зубч'}, 'Сыр гауда': {'quantity': 200, 'measure': 'г'}, 'Говядина': {'quantity': 1000, 'measure': 'г'}, 'Перец сладкий': {'quantity': 2, 'measure': 'шт'}, 'Лаваш': {'quantity': 4, 'measure': 'шт'}, 'Винный уксус': {'quantity': 2, 'measure': 'ст.л'}, 'Помидор': {'quantity': 8, 'measure': 'шт'}, 'Яйцо': {'quantity': 4, 'measure': 'шт'}, 'Молоко': {'quantity': 200, 'measure': 'мл'}}
Функция get_shop_list_by_dishes, была запущена 2022-09-08 17:44:53.260916
с аргументами [(['Запеченный картофель', 'Фахитос', 'Омлет', 'Утка по-пекински'], 2)]
и вернула результат {'Картофель': {'quantity': 2, 'measure': 'кг'}, 'Чеснок': {'quantity': 6, 'measure': 'зубч'}, 'Сыр гауда': {'quantity': 200, 'measure': 'г'}, 'Говядина': {'quantity': 1000, 'measure': 'г'}, 'Перец сладкий': {'quantity': 2, 'measure': 'шт'}, 'Лаваш': {'quantity': 4, 'measure': 'шт'}, 'Винный уксус': {'quantity': 2, 'measure': 'ст.л'}, 'Помидор': {'quantity': 8, 'measure': 'шт'}, 'Яйцо': {'quantity': 4, 'measure': 'шт'}, 'Молоко': {'quantity': 200, 'measure': 'мл'}, 'Утка': {'quantity': 2, 'measure': 'шт'}, 'Вода': {'quantity': 4, 'measure': 'л'}, 'Мед': {'quantity': 6, 'measure': 'ст.л'}, 'Соевый соус': {'quantity': 120, 'measure': 'мл'}}
Функция get_shop_list_by_dishes, была запущена 2022-09-08 17:44:57.842355
с аргументами [(['Запеченный картофель', 'Фахитос', 'Омлет', 'Утка по-пекински'], 3)]
и вернула результат {'Картофель': {'quantity': 3, 'measure': 'кг'}, 'Чеснок': {'quantity': 9, 'measure': 'зубч'}, 'Сыр гауда': {'quantity': 300, 'measure': 'г'}, 'Говядина': {'quantity': 1500, 'measure': 'г'}, 'Перец сладкий': {'quantity': 3, 'measure': 'шт'}, 'Лаваш': {'quantity': 6, 'measure': 'шт'}, 'Винный уксус': {'quantity': 3, 'measure': 'ст.л'}, 'Помидор': {'quantity': 12, 'measure': 'шт'}, 'Яйцо': {'quantity': 6, 'measure': 'шт'}, 'Молоко': {'quantity': 300, 'measure': 'мл'}, 'Утка': {'quantity': 3, 'measure': 'шт'}, 'Вода': {'quantity': 6, 'measure': 'л'}, 'Мед': {'quantity': 9, 'measure': 'ст.л'}, 'Соевый соус': {'quantity': 180, 'measure': 'мл'}}
Функция get_shop_list_by_dishes, была запущена 2022-09-08 17:45:01.186061
с аргументами [(['Запеченный картофель', 'Фахитос', 'Омлет', 'Утка по-пекински'], 5)]
и вернула результат {'Картофель': {'quantity': 5, 'measure': 'кг'}, 'Чеснок': {'quantity': 15, 'measure': 'зубч'}, 'Сыр гауда': {'quantity': 500, 'measure': 'г'}, 'Говядина': {'quantity': 2500, 'measure': 'г'}, 'Перец сладкий': {'quantity': 5, 'measure': 'шт'}, 'Лаваш': {'quantity': 10, 'measure': 'шт'}, 'Винный уксус': {'quantity': 5, 'measure': 'ст.л'}, 'Помидор': {'quantity': 20, 'measure': 'шт'}, 'Яйцо': {'quantity': 10, 'measure': 'шт'}, 'Молоко': {'quantity': 500, 'measure': 'мл'}, 'Утка': {'quantity': 5, 'measure': 'шт'}, 'Вода': {'quantity': 10, 'measure': 'л'}, 'Мед': {'quantity': 15, 'measure': 'ст.л'}, 'Соевый соус': {'quantity': 300, 'measure': 'мл'}}
Функция get_shop_list_by_dishes, была запущена 2022-09-08 17:45:13.144481
с аргументами [(['Запеченный картофель', 'Фахитос', 'Утка по-пекински'], 5)]
и вернула результат {'Картофель': {'quantity': 5, 'measure': 'кг'}, 'Чеснок': {'quantity': 15, 'measure': 'зубч'}, 'Сыр гауда': {'quantity': 500, 'measure': 'г'}, 'Говядина': {'quantity': 2500, 'measure': 'г'}, 'Перец сладкий': {'quantity': 5, 'measure': 'шт'}, 'Лаваш': {'quantity': 10, 'measure': 'шт'}, 'Винный уксус': {'quantity': 5, 'measure': 'ст.л'}, 'Помидор': {'quantity': 10, 'measure': 'шт'}, 'Утка': {'quantity': 5, 'measure': 'шт'}, 'Вода': {'quantity': 10, 'measure': 'л'}, 'Мед': {'quantity': 15, 'measure': 'ст.л'}, 'Соевый соус': {'quantity': 300, 'measure': 'мл'}}
Функция get_shop_list_by_dishes, была запущена 2022-09-08 17:45:25.184069
с аргументами [(['Запеченный картофель', 'Фахитос', 'Утка по-пекински'],), {'person_count': 5}]
и вернула результат {'Картофель': {'quantity': 5, 'measure': 'кг'}, 'Чеснок': {'quantity': 15, 'measure': 'зубч'}, 'Сыр гауда': {'quantity': 500, 'measure': 'г'}, 'Говядина': {'quantity': 2500, 'measure': 'г'}, 'Перец сладкий': {'quantity': 5, 'measure': 'шт'}, 'Лаваш': {'quantity': 10, 'measure': 'шт'}, 'Винный уксус': {'quantity': 5, 'measure': 'ст.л'}, 'Помидор': {'quantity': 10, 'measure': 'шт'}, 'Утка': {'quantity': 5, 'measure': 'шт'}, 'Вода': {'quantity': 10, 'measure': 'л'}, 'Мед': {'quantity': 15, 'measure': 'ст.л'}, 'Соевый соус': {'quantity': 300, 'measure': 'мл'}}
Функция get_shop_list_by_dishes, была запущена 2022-09-08 17:45:29.744398
с аргументами [(['Запеченный картофель', 'Фахитос', 'Утка по-пекински'],), {'person_count': 2}]
и вернула результат {'Картофель': {'quantity': 2, 'measure': 'кг'}, 'Чеснок': {'quantity': 6, 'measure': 'зубч'}, 'Сыр гауда': {'quantity': 200, 'measure': 'г'}, 'Говядина': {'quantity': 1000, 'measure': 'г'}, 'Перец сладкий': {'quantity': 2, 'measure': 'шт'}, 'Лаваш': {'quantity': 4, 'measure': 'шт'}, 'Винный уксус': {'quantity': 2, 'measure': 'ст.л'}, 'Помидор': {'quantity': 4, 'measure': 'шт'}, 'Утка': {'quantity': 2, 'measure': 'шт'}, 'Вода': {'quantity': 4, 'measure': 'л'}, 'Мед': {'quantity': 6, 'measure': 'ст.л'}, 'Соевый соус': {'quantity': 120, 'measure': 'мл'}}
